#
# There is insufficient memory for the Java Runtime Environment to continue.
# Native memory allocation (malloc) failed to allocate 1048576 bytes. Error detail: AllocateHeap
# Possible reasons:
#   The system is out of physical RAM or swap space
#   This process is running with CompressedOops enabled, and the Java Heap may be blocking the growth of the native heap
# Possible solutions:
#   Reduce memory load on the system
#   Increase physical memory or swap space
#   Check if swap backing store is full
#   Decrease Java heap size (-Xmx/-Xms)
#   Decrease number of Java threads
#   Decrease Java thread stack sizes (-Xss)
#   Set larger code cache with -XX:ReservedCodeCacheSize=
#   JVM is running with Unscaled Compressed Oops mode in which the Java heap is
#     placed in the first 4GB address space. The Java Heap base address is the
#     maximum limit for the native heap growth. Please use -XX:HeapBaseMinAddress
#     to set the Java Heap base and to place the Java Heap above 4GB virtual address.
# This output file may be truncated or incomplete.
#
#  Out of Memory Error (allocation.cpp:44), pid=10540, tid=5296
#
# JRE version:  (21.0.7+6) (build )
# Java VM: OpenJDK 64-Bit Server VM (21.0.7+6-LTS, mixed mode, emulated-client, sharing, tiered, compressed oops, compressed class ptrs, g1 gc, windows-amd64)
# No core dump will be written. Minidumps are not enabled by default on client versions of Windows
#

---------------  S U M M A R Y ------------

Command Line: -XX:TieredStopAtLevel=1 com.wayne.airportAPI.AirportApiApplication

Host: Intel(R) Core(TM) i5-1035G1 CPU @ 1.00GHz, 8 cores, 7G,  Windows 11 , 64 bit Build 22621 (10.0.22621.5415)
Time: Mon Jun 30 02:42:02 2025 Newfoundland Daylight Time elapsed time: 0.335183 seconds (0d 0h 0m 0s)

---------------  T H R E A D  ---------------

Current thread (0x000001af995987c0):  JavaThread "Unknown thread" [_thread_in_vm, id=5296, stack(0x0000004d98f00000,0x0000004d99000000) (1024K)]

Stack: [0x0000004d98f00000,0x0000004d99000000]
Native frames: (J=compiled Java code, j=interpreted, Vv=VM code, C=native code)
V  [jvm.dll+0x6d4bb9]
V  [jvm.dll+0x8afa11]
V  [jvm.dll+0x8b1f3e]
V  [jvm.dll+0x8b2623]
V  [jvm.dll+0x280816]
V  [jvm.dll+0xbfdf7]
V  [jvm.dll+0x338105]
V  [jvm.dll+0x3304f1]
V  [jvm.dll+0x878909]
V  [jvm.dll+0x3c1b91]
V  [jvm.dll+0x861973]
V  [jvm.dll+0x456b7e]
V  [jvm.dll+0x4587c1]
C  [jli.dll+0x52a0]
C  [ucrtbase.dll+0x29333]
C  [KERNEL32.DLL+0x1259d]
C  [ntdll.dll+0x5af78]


---------------  P R O C E S S  ---------------

Threads class SMR info:
_java_thread_list=0x00007fff10862108, length=0, elements={
}

Java Threads: ( => current thread )
Total: 0

Other Threads:
  0x000001af9b9c77e0 WorkerThread "GC Thread#0"                     [id=10320, stack(0x0000004d99000000,0x0000004d99100000) (1024K)]

[error occurred during error reporting (printing all threads), id 0xc0000005, EXCEPTION_ACCESS_VIOLATION (0xc0000005) at pc=0x00007fff0ff5cca0]
VM state: not at safepoint (not fully initialized)

VM Mutex/Monitor currently owned by a thread:  ([mutex/lock_event])
[0x00007fff108d6578] Heap_lock - owner thread: 0x000001af995987c0

Heap address: 0x0000000086600000, size: 1946 MB, Compressed Oops mode: 32-bit

CDS archive(s) mapped at: [0x0000000000000000-0x0000000000000000-0x0000000000000000), size 0, SharedBaseAddress: 0x0000000800000000, ArchiveRelocationMode: 1.
Narrow klass base: 0x0000000000000000, Narrow klass shift: 0, Narrow klass range: 0x0

GC Precious Log:
 CardTable entry size: 512
 Card Set container configuration: InlinePtr #cards 5 size 8 Array Of Cards #cards 12 size 40 Howl #buckets 4 coarsen threshold 1843 Howl Bitmap #cards 512 size 80 coarsen threshold 460 Card regions per heap region 1 cards per card region 2048

Heap:
 garbage-first heap   total 0K, used 0K [0x0000000086600000, 0x0000000100000000)
  region size 1024K, 0 young (0K), 0 survivors (0K)

[error occurred during error reporting (printing heap information), id 0xc0000005, EXCEPTION_ACCESS_VIOLATION (0xc0000005) at pc=0x00007fff1034ea59]
GC Heap History (0 events):
No events

Dll operation events (1 events):
Event: 0.061 Loaded shared library C:\Program Files\Microsoft\jdk-21.0.7.6-hotspot\bin\java.dll

Deoptimization events (0 events):
No events

Classes loaded (0 events):
No events

Classes unloaded (0 events):
No events

Classes redefined (0 events):
No events

Internal exceptions (0 events):
No events

ZGC Phase Switch (0 events):
No events

VM Operations (0 events):
No events

Memory protections (0 events):
No events

Nmethod flushes (0 events):
No events

Events (0 events):
No events


Dynamic libraries:
0x00007ff688f90000 - 0x00007ff688f9e000 	C:\Program Files\Microsoft\jdk-21.0.7.6-hotspot\bin\java.exe
0x00007fff90cd0000 - 0x00007fff90ee7000 	C:\WINDOWS\SYSTEM32\ntdll.dll
0x00007fff8f650000 - 0x00007fff8f714000 	C:\WINDOWS\System32\KERNEL32.DLL
0x00007fff8ddc0000 - 0x00007fff8e192000 	C:\WINDOWS\System32\KERNELBASE.dll
0x00007fff8e450000 - 0x00007fff8e561000 	C:\WINDOWS\System32\ucrtbase.dll
0x00007fff786f0000 - 0x00007fff7870d000 	C:\Program Files\Microsoft\jdk-21.0.7.6-hotspot\bin\VCRUNTIME140.dll
0x00007fff78640000 - 0x00007fff78658000 	C:\Program Files\Microsoft\jdk-21.0.7.6-hotspot\bin\jli.dll
0x00007fff8f3e0000 - 0x00007fff8f591000 	C:\WINDOWS\System32\USER32.dll
0x00007fff82980000 - 0x00007fff82c1b000 	C:\WINDOWS\WinSxS\amd64_microsoft.windows.common-controls_6595b64144ccf1df_6.0.22621.5415_none_270d77d17387d7da\COMCTL32.dll
0x00007fff8e1a0000 - 0x00007fff8e1c6000 	C:\WINDOWS\System32\win32u.dll
0x00007fff90320000 - 0x00007fff903c7000 	C:\WINDOWS\System32\msvcrt.dll
0x00007fff90be0000 - 0x00007fff90c09000 	C:\WINDOWS\System32\GDI32.dll
0x00007fff8e2a0000 - 0x00007fff8e3c3000 	C:\WINDOWS\System32\gdi32full.dll
0x00007fff8e1d0000 - 0x00007fff8e26a000 	C:\WINDOWS\System32\msvcp_win.dll
0x00007fff8f5f0000 - 0x00007fff8f621000 	C:\WINDOWS\System32\IMM32.DLL
0x00007fff86b00000 - 0x00007fff86b0c000 	C:\Program Files\Microsoft\jdk-21.0.7.6-hotspot\bin\vcruntime140_1.dll
0x00007fff75ae0000 - 0x00007fff75b6d000 	C:\Program Files\Microsoft\jdk-21.0.7.6-hotspot\bin\msvcp140.dll
0x00007fff0fc20000 - 0x00007fff109b8000 	C:\Program Files\Microsoft\jdk-21.0.7.6-hotspot\bin\server\jvm.dll
0x00007fff8ef90000 - 0x00007fff8f041000 	C:\WINDOWS\System32\ADVAPI32.dll
0x00007fff90270000 - 0x00007fff90318000 	C:\WINDOWS\System32\sechost.dll
0x00007fff8e270000 - 0x00007fff8e298000 	C:\WINDOWS\System32\bcrypt.dll
0x00007fff90a20000 - 0x00007fff90b34000 	C:\WINDOWS\System32\RPCRT4.dll
0x00007fff90500000 - 0x00007fff90571000 	C:\WINDOWS\System32\WS2_32.dll
0x00007fff86100000 - 0x00007fff8610a000 	C:\WINDOWS\SYSTEM32\VERSION.dll
0x00007fff8dc90000 - 0x00007fff8dcdd000 	C:\WINDOWS\SYSTEM32\POWRPROF.dll
0x00007fff86c50000 - 0x00007fff86c84000 	C:\WINDOWS\SYSTEM32\WINMM.dll
0x00007fff8dc70000 - 0x00007fff8dc83000 	C:\WINDOWS\SYSTEM32\UMPDC.dll
0x00007fff8cdb0000 - 0x00007fff8cdc8000 	C:\WINDOWS\SYSTEM32\kernel.appcore.dll
0x00007fff865e0000 - 0x00007fff865ea000 	C:\Program Files\Microsoft\jdk-21.0.7.6-hotspot\bin\jimage.dll
0x00007fff8b6f0000 - 0x00007fff8b923000 	C:\WINDOWS\SYSTEM32\DBGHELP.DLL
0x00007fff8e960000 - 0x00007fff8ecf3000 	C:\WINDOWS\System32\combase.dll
0x00007fff8ed10000 - 0x00007fff8ede7000 	C:\WINDOWS\System32\OLEAUT32.dll
0x00007fff7c220000 - 0x00007fff7c252000 	C:\WINDOWS\SYSTEM32\dbgcore.DLL
0x00007fff8e570000 - 0x00007fff8e5eb000 	C:\WINDOWS\System32\bcryptPrimitives.dll
0x00007fff78570000 - 0x00007fff78590000 	C:\Program Files\Microsoft\jdk-21.0.7.6-hotspot\bin\java.dll

dbghelp: loaded successfully - version: 4.0.5 - missing functions: none
symbol engine: initialized successfully - sym options: 0x614 - pdb path: .;C:\Program Files\Microsoft\jdk-21.0.7.6-hotspot\bin;C:\WINDOWS\SYSTEM32;C:\WINDOWS\WinSxS\amd64_microsoft.windows.common-controls_6595b64144ccf1df_6.0.22621.5415_none_270d77d17387d7da;C:\Program Files\Microsoft\jdk-21.0.7.6-hotspot\bin\server

VM Arguments:
jvm_args: -XX:TieredStopAtLevel=1 
java_command: com.wayne.airportAPI.AirportApiApplication
java_class_path (initial): C:\Users\wayne\Desktop\Spring-Sprint-1-airport-API\airportAPI\target\classes;C:\Users\wayne\.m2\repository\org\springframework\boot\spring-boot\3.2.3\spring-boot-3.2.3.jar;C:\Users\wayne\.m2\repository\org\springframework\boot\spring-boot-autoconfigure\3.2.3\spring-boot-autoconfigure-3.2.3.jar;C:\Users\wayne\.m2\repository\ch\qos\logback\logback-classic\1.4.14\logback-classic-1.4.14.jar;C:\Users\wayne\.m2\repository\ch\qos\logback\logback-core\1.4.14\logback-core-1.4.14.jar;C:\Users\wayne\.m2\repository\org\apache\logging\log4j\log4j-to-slf4j\2.21.1\log4j-to-slf4j-2.21.1.jar;C:\Users\wayne\.m2\repository\org\apache\logging\log4j\log4j-api\2.21.1\log4j-api-2.21.1.jar;C:\Users\wayne\.m2\repository\org\slf4j\jul-to-slf4j\2.0.12\jul-to-slf4j-2.0.12.jar;C:\Users\wayne\.m2\repository\jakarta\annotation\jakarta.annotation-api\2.1.1\jakarta.annotation-api-2.1.1.jar;C:\Users\wayne\.m2\repository\org\yaml\snakeyaml\2.2\snakeyaml-2.2.jar;C:\Users\wayne\.m2\repository\com\fasterxml\jackson\core\jackson-databind\2.15.4\jackson-databind-2.15.4.jar;C:\Users\wayne\.m2\repository\com\fasterxml\jackson\core\jackson-annotations\2.15.4\jackson-annotations-2.15.4.jar;C:\Users\wayne\.m2\repository\com\fasterxml\jackson\core\jackson-core\2.15.4\jackson-core-2.15.4.jar;C:\Users\wayne\.m2\repository\com\fasterxml\jackson\datatype\jackson-datatype-jdk8\2.15.4\jackson-datatype-jdk8-2.15.4.jar;C:\Users\wayne\.m2\repository\com\fasterxml\jackson\datatype\jackson-datatype-jsr310\2.15.4\jackson-datatype-jsr310-2.15.4.jar;C:\Users\wayne\.m2\repository\com\fasterxml\jackson\module\jackson-module-parameter-names\2.15.4\jackson-module-parameter-names-2.15.4.jar;C:\Users\wayne\.m2\repository\org\apache\tomcat\embed\tomcat-embed-core\10.1.19\tomcat-embed-core-10.1.19.jar;C:\Users\wayne\.m2\repository\org\apache\tomcat\embed\tomcat-embed-websocket\10.1.19\tomcat-embed-websocket-10.1.19.jar;C:\Users\wayne\.m2\repository\org\springframework\spring-web\6.1.4\spring-web-6.1.4.jar;C:\Users\wayne\.m2\repository\org\springframework\spring-beans\6.1.4\spring-beans-6.1.4.jar;C:\Users\wayne\.m2\repository\io\micrometer\micrometer-observation\1.12.3\micrometer-observation-1.12.3.jar;C:\Users\wayne\.m2\repository\io\micrometer\micrometer-commons\1.12.3\micrometer-commons-1.12.3.jar;C:\Users\wayne\.m2\repository\org\springframework\spring-webmvc\6.1.4\spring-webmvc-6.1.4.jar;C:\Users\wayne\.m2\repository\org\springframework\spring-aop\6.1.4\spring-aop-6.1.4.jar;C:\Users\wayne\.m2\repository\org\springframework\spring-context\6.1.4\spring-context-6.1.4.jar;C:\Users\wayne\.m2\repository\org\springframework\spring-expression\6.1.4\spring-expression-6.1.4.jar;C:\Users\wayne\.m2\repository\org\aspectj\aspectjweaver\1.9.21\aspectjweaver-1.9.21.jar;C:\Users\wayne\.m2\repository\com\zaxxer\HikariCP\5.0.1\HikariCP-5.0.1.jar;C:\Users\wayne\.m2\repository\org\springframework\spring-jdbc\6.1.4\spring-jdbc-6.1.4.jar;C:\Users\wayne\.m2\repository\org\hibernate\orm\hibernate-core\6.4.4.Final\hibernate-core-6.4.4.Final.jar;C:\Users\wayne\.m2\repository\jakarta\persistence\jakarta.persistence-api\3.1.0\jakarta.persistence-api-3.1.0.jar;C:\Users\wayne\.m2\repository\jakarta\transaction\jakarta.transaction-api\2.0.1\jakarta.transaction-api-2.0.1.jar;C:\Users\wayne\.m2\repository\org\jboss\logging\jboss-logging\3.5.3.Final\jboss-logging-3.5.3.Final.jar;C:\Users\wayne\.m2\repository\org\hibernate\common\hibernate-commons-annotations\6.0.6.Final\hibernate-commons-annotations-6.0.6.Final.jar;C:\Users\wayne\.m2\repository\io\smallrye\jandex\3.1.2\jandex-3.1.2.jar;C:\Users\wayne\.m2\repository\com\fasterxml\classmate\1.6.0\classmate-1.6.0.jar;C:\Users\wayne\.m2\repository\net\bytebuddy\byte-buddy\1.14.12\byte-buddy-1.14.12.jar;C:\Users\wayne\.m2\repository\org\glassfish\jaxb\jaxb-runtime\4.0.4\jaxb-runtime-4.0.4.jar;C:\Users\wayne\.m2\repository\org\glassfish\jaxb\jaxb-core\4.0.4\jaxb-core-4.0.4.jar;C:\Users\wayne\.m2\repository\org\eclipse\angus\angus-activation\2.0.1\angus-activation-2.0.1.jar;C:\Users\wayne\.m2\repository\org\glassfish\jaxb\txw2\4.0.4\txw2-4.0.4.jar;C:\Users\wayne\.m2\repository\com\sun\istack\istack-commons-runtime\4.1.2\istack-commons-runtime-4.1.2.jar;C:\Users\wayne\.m2\repository\jakarta\inject\jakarta.inject-api\2.0.1\jakarta.inject-api-2.0.1.jar;C:\Users\wayne\.m2\repository\org\antlr\antlr4-runtime\4.13.0\antlr4-runtime-4.13.0.jar;C:\Users\wayne\.m2\repository\org\springframework\data\spring-data-jpa\3.2.3\spring-data-jpa-3.2.3.jar;C:\Users\wayne\.m2\repository\org\springframework\data\spring-data-commons\3.2.3\spring-data-commons-3.2.3.jar;C:\Users\wayne\.m2\repository\org\springframework\spring-orm\6.1.4\spring-orm-6.1.4.jar;C:\Users\wayne\.m2\repository\org\springframework\spring-tx\6.1.4\spring-tx-6.1.4.jar;C:\Users\wayne\.m2\repository\org\slf4j\slf4j-api\2.0.12\slf4j-api-2.0.12.jar;C:\Users\wayne\.m2\repository\org\springframework\spring-aspects\6.1.4\spring-aspects-6.1.4.jar;C:\Users\wayne\.m2\repository\org\apache\tomcat\embed\tomcat-embed-el\10.1.19\tomcat-embed-el-10.1.19.jar;C:\Users\wayne\.m2\repository\org\hibernate\validator\hibernate-validator\8.0.1.Final\hibernate-validator-8.0.1.Final.jar;C:\Users\wayne\.m2\repository\jakarta\validation\jakarta.validation-api\3.0.2\jakarta.validation-api-3.0.2.jar;C:\Users\wayne\.m2\repository\com\mysql\mysql-connector-j\8.3.0\mysql-connector-j-8.3.0.jar;C:\Users\wayne\.m2\repository\org\projectlombok\lombok\1.18.30\lombok-1.18.30.jar;C:\Users\wayne\.m2\repository\jakarta\xml\bind\jakarta.xml.bind-api\4.0.1\jakarta.xml.bind-api-4.0.1.jar;C:\Users\wayne\.m2\repository\jakarta\activation\jakarta.activation-api\2.1.2\jakarta.activation-api-2.1.2.jar;C:\Users\wayne\.m2\repository\org\springframework\spring-core\6.1.4\spring-core-6.1.4.jar;C:\Users\wayne\.m2\repository\org\springframework\spring-jcl\6.1.4\spring-jcl-6.1.4.jar;C:\Users\wayne\.m2\repository\com\h2database\h2\2.2.224\h2-2.2.224.jar
Launcher Type: SUN_STANDARD

[Global flags]
     intx CICompilerCount                          = 4                                         {product} {ergonomic}
     uint ConcGCThreads                            = 2                                         {product} {ergonomic}
     uint G1ConcRefinementThreads                  = 8                                         {product} {ergonomic}
   size_t G1HeapRegionSize                         = 1048576                                   {product} {ergonomic}
    uintx GCDrainStackTargetSize                   = 64                                        {product} {ergonomic}
   size_t InitialHeapSize                          = 127926272                                 {product} {ergonomic}
   size_t MarkStackSize                            = 4194304                                   {product} {ergonomic}
   size_t MaxHeapSize                              = 2040528896                                {product} {ergonomic}
   size_t MinHeapDeltaBytes                        = 1048576                                   {product} {ergonomic}
   size_t MinHeapSize                              = 8388608                                   {product} {ergonomic}
    uintx NonNMethodCodeHeapSize                   = 4096                                   {pd product} {ergonomic}
    uintx NonProfiledCodeHeapSize                  = 0                                      {pd product} {ergonomic}
     bool ProfileInterpreter                       = false                                  {pd product} {command line}
    uintx ProfiledCodeHeapSize                     = 0                                      {pd product} {ergonomic}
   size_t SoftMaxHeapSize                          = 2040528896                             {manageable} {ergonomic}
     intx TieredStopAtLevel                        = 1                                         {product} {command line}
     bool UseCompressedOops                        = true                           {product lp64_product} {ergonomic}
     bool UseG1GC                                  = true                                      {product} {ergonomic}
     bool UseLargePagesIndividualAllocation        = false                                  {pd product} {ergonomic}

Logging:
Log output configuration:
 #0: stdout all=warning uptime,level,tags foldmultilines=false
 #1: stderr all=off uptime,level,tags foldmultilines=false

Environment Variables:
JAVA_HOME=C:\Program Files\Microsoft\jdk-21.0.7.6-hotspot\
PATH=C:\Program Files\Microsoft\jdk-21.0.7.6-hotspot\bin;C:\Program Files (x86)\Common Files\Oracle\Java\java8path;C:\Program Files (x86)\Common Files\Oracle\Java\javapath;C:\Program Files\Eclipse Adoptium\jdk-21.0.5.11-hotspot\bin;C:\WINDOWS\system32;C:\WINDOWS;C:\WINDOWS\System32\Wbem;C:\WINDOWS\System32\WindowsPowerShell\v1.0\;C:\WINDOWS\System32\OpenSSH\;C:\Program Files\Tesseract-OCR;C:\Program Files\Git\cmd;C:\Program Files\dotnet\;C:\Users\wayne\AppData\Roaming\nvm;C:\Program Files\nodejs;C:\Program Files\nodejs\;C:\Program Files\Amazon\AWSCLIV2\;C:\Program Files\Maven\bin;C:\Program Files\Maven\apache-maven-3.9.9\bin;C:\Program Files\MySQL\MySQL Server 9.3\bin;;C:\Program Files\Docker\Docker\resources\bin;C:\Users\wayne\AppData\Local\Programs\Eclipse Adoptium\jdk-11.0.27.6-hotspot\bin;C:\Users\wayne\AppData\Local\Programs\Python\Python312\Scripts\;C:\Users\wayne\AppData\Local\Programs\Python\Python312\;C:\Users\wayne\AppData\Local\Microsoft\WindowsApps;C:\Users\wayne\AppData\Local\Programs\Microsoft VS Code\bin;C:\Users\wayne\.dotnet\tools;C:\Users\wayne\AppData\Roaming\nvm;C:\Program Files\nodejs;C:\Users\wayne\AppData\Local\GitHubDesktop\bin;C:\Users\wayne\AppData\Roaming\npm;C:\Program Files\PostgreSQL\17\bin;
USERNAME=wayne
OS=Windows_NT
PROCESSOR_IDENTIFIER=Intel64 Family 6 Model 126 Stepping 5, GenuineIntel
TMP=C:\Users\wayne\AppData\Local\Temp
TEMP=C:\Users\wayne\AppData\Local\Temp




Periodic native trim disabled

---------------  S Y S T E M  ---------------

OS:
 Windows 11 , 64 bit Build 22621 (10.0.22621.5415)
OS uptime: 2 days 3:34 hours
Hyper-V role detected

CPU: total 8 (initial active 8) (4 cores per cpu, 2 threads per core) family 6 model 126 stepping 5 microcode 0xbc, cx8, cmov, fxsr, ht, mmx, 3dnowpref, sse, sse2, sse3, ssse3, sse4.1, sse4.2, popcnt, lzcnt, tsc, tscinvbit, avx, avx2, aes, erms, clmul, bmi1, bmi2, adx, avx512f, avx512dq, avx512cd, avx512bw, avx512vl, sha, fma, vzeroupper, avx512_vpopcntdq, avx512_vpclmulqdq, avx512_vaes, avx512_vnni, clflush, clflushopt, avx512_vbmi2, avx512_vbmi, hv, rdtscp, rdpid, fsrm, gfni, avx512_bitalg, f16c, avx512_ifma
Processor Information for the first 8 processors :
  Max Mhz: 1190, Current Mhz: 991, Mhz Limit: 987

Memory: 4k page, system-wide physical 7778M (412M free)
TotalPageFile size 15768M (AvailPageFile size 5M)
current process WorkingSet (physical memory assigned to process): 11M, peak: 11M
current process commit charge ("private bytes"): 54M, peak: 55M

vm_info: OpenJDK 64-Bit Server VM (21.0.7+6-LTS) for windows-amd64 JRE (21.0.7+6-LTS), built on 2025-04-09T22:17:25Z by "MicrosoftCorporation" with unknown MS VC++:1939

END.
